生成启动时间为 2017/11/2 10:54:02。
     1>项目“F:\LastTermGnss\XiaoGongwei\QtPPP\QtPPP\QtPPP.vcxproj”在节点 2 上(build 个目标)。
     1>InitializeBuildStatus:
         正在创建“Debug\QtPPP.unsuccessfulbuild”，因为已指定“AlwaysCreate”。
       ClCompile:
         C:\Program Files (x86)\Microsoft Visual Studio 10.0\VC\bin\CL.exe /c /I.\GeneratedFiles /I. /ID:\Qt\Qt5.2.0\5.2.0\msvc2010_opengl\include /I.\GeneratedFiles\Debug /ID:\Qt\Qt5.2.0\5.2.0\msvc2010_opengl\include\QtCore /ID:\Qt\Qt5.2.0\5.2.0\msvc2010_opengl\include\QtGui /ID:\Qt\Qt5.2.0\5.2.0\msvc2010_opengl\include\QtWidgets /Zi /nologo /W1 /WX- /Od /Oy- /D UNICODE /D WIN32 /D WIN64 /D QT_DLL /D QT_CORE_LIB /D QT_GUI_LIB /D QT_WIDGETS_LIB /Gm- /EHsc /MDd /GS /fp:precise /Zc:wchar_t- /Zc:forScope /Fo"Debug\\" /Fd"Debug\vc100.pdb" /Gd /TP /analyze- /errorReport:prompt QPPPModel.cpp
         QPPPModel.cpp
       Link:
         C:\Program Files (x86)\Microsoft Visual Studio 10.0\VC\bin\link.exe /ERRORREPORT:PROMPT /OUT:"F:\LastTermGnss\XiaoGongwei\QtPPP\Win32\Debug\\QtPPP.exe" /NOLOGO /LIBPATH:D:\Qt\Qt5.2.0\5.2.0\msvc2010_opengl\lib qtmaind.lib Qt5Cored.lib Qt5Guid.lib Qt5Widgetsd.lib kernel32.lib user32.lib gdi32.lib winspool.lib comdlg32.lib advapi32.lib shell32.lib ole32.lib oleaut32.lib uuid.lib odbc32.lib odbccp32.lib /MANIFEST /ManifestFile:"Debug\QtPPP.exe.intermediate.manifest" /MANIFESTUAC:"level='asInvoker' uiAccess='false'" /DEBUG /PDB:"F:\LastTermGnss\XiaoGongwei\QtPPP\Win32\Debug\QtPPP.pdb" /SUBSYSTEM:WINDOWS /TLBID:1 /DYNAMICBASE /NXCOMPAT /IMPLIB:"F:\LastTermGnss\XiaoGongwei\QtPPP\Win32\Debug\QtPPP.lib" /MACHINE:X86 Debug\main.obj
         Debug\QBaseObject.obj
         Debug\QCmpGPST.obj
         Debug\QKalmanFilter.obj
         Debug\QNewFunLib.obj
         Debug\QPPPModel.obj
         Debug\QReadAnt.obj
         Debug\QReadClk.obj
         Debug\QReadGPSN.obj
         Debug\QReadOFile.obj
         Debug\QReadSP3.obj
         Debug\QTideEffect.obj
         Debug\QTropDelay.obj
         Debug\QWindUp.obj
         Debug\QWrite2File.obj
         LINK : 没有找到 F:\LastTermGnss\XiaoGongwei\QtPPP\Win32\Debug\\QtPPP.exe 或上一个增量链接没有生成它；正在执行完全链接
         QtPPP.vcxproj -> F:\LastTermGnss\XiaoGongwei\QtPPP\Win32\Debug\QtPPP.exe
       Manifest:
         C:\Program Files (x86)\Microsoft SDKs\Windows\v7.0A\bin\mt.exe /nologo /verbose /outputresource:"F:\LastTermGnss\XiaoGongwei\QtPPP\Win32\Debug\\QtPPP.exe;#1" /manifest Debug\QtPPP.exe.intermediate.manifest
       FinalizeBuildStatus:
         正在删除文件“Debug\QtPPP.unsuccessfulbuild”。
         正在对“Debug\QtPPP.lastbuildstate”执行 Touch 任务。
     1>已完成生成项目“F:\LastTermGnss\XiaoGongwei\QtPPP\QtPPP\QtPPP.vcxproj”(build 个目标)的操作。

生成成功。

已用时间 00:00:02.18
